00:00:00.297 |I| Configuration LogValueChange: ResScale set to: 1
00:00:00.314 |I| Configuration LogValueChange: ResScaleCustom set to: 1
00:00:00.314 |I| Configuration LogValueChange: MaxAnisotropy set to: -1
00:00:00.315 |I| Configuration LogValueChange: AspectRatio set to: Fixed16x9
00:00:00.316 |I| Configuration LogValueChange: GraphicsBackend set to: Vulkan
00:00:00.317 |I| Configuration LogValueChange: PreferredGpu set to: 
00:00:00.317 |I| Configuration LogValueChange: ScalingFilterLevel set to: 80
00:00:00.318 |I| Configuration LogValueChange: CustomVSyncInterval set to: 120
00:00:00.318 |I| Configuration LogValueChange: EnableShaderCache set to: True
00:00:00.318 |I| Configuration LogValueChange: EnableMacroHLE set to: True
00:00:00.319 |I| Configuration LogValueChange: Language set to: AmericanEnglish
00:00:00.319 |I| Configuration LogValueChange: Region set to: USA
00:00:00.319 |I| Configuration LogValueChange: TimeZone set to: UTC
00:00:00.320 |I| Configuration LogValueChange: EnableDockedMode set to: True
00:00:00.320 |I| Configuration LogValueChange: EnablePtc set to: True
00:00:00.321 |I| Configuration LogValueChange: EnableFsIntegrityChecks set to: True
00:00:00.321 |I| Configuration LogValueChange: AudioBackend set to: SDL2
00:00:00.322 |I| Configuration LogValueChange: AudioVolume set to: 1
00:00:00.323 |I| Configuration LogValueChange: MemoryManagerMode set to: HostMappedUnsafe
00:00:00.323 |I| Configuration LogValueChange: UseHypervisor set to: True
00:00:00.370 |N| Application Load: Configuration file updated to version 60
00:00:00.374 |N| Application PrintSystemInfo: Ryujinx Version: 1.2.81
00:00:00.374 |N| Application PrintSystemInfo: .NET Runtime: .NET 9.0.1
00:00:00.379 |N| Application Print: Operating System: Microsoft Windows 10.0.26100 (X64)
00:00:00.379 |N| Application Print: CPU: AMD Ryzen 5 5500 ; 12 logical
00:00:00.382 |N| Application Print: RAM: Total 31.9 GiB ; Available 24.8 GiB
00:00:00.386 |N| Application PrintSystemInfo: Logs Enabled: Info, Warning, Error, Guest, Stub
00:00:00.386 |N| Application PrintSystemInfo: Launch Mode: UserProfile
00:00:02.725 |I| Application BeginUpdateAsync: Checking for updates.
00:00:30.802 |I| Configuration LogValueChange: SystemTimeOffset set to: -19
00:00:30.802 |I| Configuration LogValueChange: PreferredGpu set to: 0x1002_0x687F
00:00:32.048 |I| Configuration LogValueChange: SystemTimeOffset set to: -20
08:33:27.717 |W| GUI.ApplicationLibraryThread Application TryGetApplicationsFromFile: The process cannot access the file 'G:\em Pok\games\Hogwarts Legacy [0100F7E00C70E000][v0].nsp' because it is being used by another process.
00:00:00.040 |I| Gpu : Backend (Vulkan): Vulkan
00:00:00.805 |I| Gpu : Backend Threading (Auto): True
00:00:02.381 |N| Application LoadGuestApplication: Using Firmware Version: 19.0.1
00:00:02.381 |N| Application LoadGuestApplication: Loading content archive from 'G:\em Pok\games\m1\Mortal Kombat 1 [01006560184E6000][v0][US].nsp'.
00:00:02.381 |I| Application LoadGuestApplication: Loading as NSP.
00:00:02.396 |I| ModLoader QueryContentsDir: Searching mods for Application 01006560184E6000 in "C:\Users\[redacted]\AppData\Roaming\Ryujinx\mods\contents"
00:00:02.398 |I| ModLoader QueryContentsDir: Searching mods for Application 01006560184E6000 in "C:\Users\[redacted]\AppData\Roaming\Ryujinx\sdcard\atmosphere\contents"
00:00:02.399 |I| Loader Load: Loading rtld...
00:00:02.407 |I| Loader PrintRoSectionInfo: rtld:
    Module: nnrtld
00:00:02.407 |I| Loader Load: Loading main...
00:00:03.399 |I| Loader PrintRoSectionInfo: main:
    Module: D:\Workspace\MK12_Lotcheck2\MK12\Binaries\Switch\MK12-Switch-Shipping.nss
    SDK Libraries: SDK MW+Microsoft+Havok_Cloth-2021_2
                   SDK MW+Nintendo+NintendoSDK_libcurl-15_3_2-Release
                   SDK MW+Nintendo+NintendoSDK_OpenSSL_For_NintendoSDK-15_3_2-Release
                   SDK MW+EpicGames+UnrealEngine-4_27_2
00:00:03.399 |I| Loader Load: Loading subsdk0...
00:00:03.417 |I| Loader PrintRoSectionInfo: subsdk0:
    Module: multimedia
    SDK Libraries: SDK MW+Nintendo+NintendoSDK_movie-15_3_2-Release
00:00:03.417 |I| Loader Load: Loading sdk...
00:00:03.454 |I| Loader PrintRoSectionInfo: sdk:
    Module: nnSdk
    FS SDK Version: 15.3.2
    SDK Libraries: SDK MW+Nintendo+NintendoSDK_libz-15_3_2-Release
                   SDK MW+Nintendo+NintendoSdk_nnSdk-15_3_2-Release
                   SDK MW+Nintendo+NintendoSdk_BuildTarget-64Bit
                   SDK MW+Nintendo+NintendoSDK_NVN-15_3_2-Release
00:00:03.747 |I| Ptc Initialize: Initializing Profiled Persistent Translation Cache (enabled: True).
00:00:03.748 |I| Ptc Initialize: PPTC (v6998) Profile: 1.0.0-default
00:00:03.756 |I| Application ParseCapability: Application requested cores with index range 0 to 2
00:00:03.757 |I| Loader LoadNsos: Loading image 0 at 0x0000000008500000...
00:00:03.758 |I| Loader LoadNsos: Loading image 1 at 0x0000000008504000...
00:00:03.830 |I| Loader LoadNsos: Loading image 2 at 0x0000000013e14000...
00:00:03.833 |I| Loader LoadNsos: Loading image 3 at 0x00000000144bd000...
00:00:03.840 |I| ModLoader LoadCheats: Build ids found for application 01006560184E6000:
    7501ABFE55FA41CFFEB46BD619BDCBF45B9CAE3A000000000000000000000000
    08E8842919224D63E3B0E27C8CBCDB8F00000000000000000000000000000000
    368F01D5CB42F06CD125DC739D036719700CB459000000000000000000000000
    8618895246B420329B77746B960A66ABCBEDE992000000000000000000000000
00:00:03.844 |I| Application EnsureSaveData: Ensuring required savedata exists.
00:00:03.986 |I| Loader Start: Application Loaded: Mortal Kombat 1 v1.0.0 [01006560184e6000] [64-bit]
00:00:04.009 |I| GUI.WindowThread Hid Configure: Configured Controller ProController to Player1
00:00:04.026 |I| GUI.WindowThread Hid SetupNpad: Connected Controller ProController to Player1
00:00:04.236 |N| GUI.RenderThread Gpu PrintGpuInformation: AMDRadeon RX Vega (Vulkan v1.3.260, Driver v2.0.279)
00:00:04.236 |N| GUI.RenderThread Gpu PrintGpuInformation: GPU Memory: 8176 MiB
00:00:04.244 |I| GPU.MainThread Gpu LoadShaders: Loading 0 shaders from the cache...
00:00:04.249 |I| GPU.MainThread Gpu LoadShaders: Shader cache loaded.
00:00:04.910 |S| HLE.OsThread.47 ServiceAm GetAppletResourceUserId: Stubbed. {appletResourceUserId: 1}
00:00:05.016 |S| HLE.OsThread.47 ServiceAm AcquireForegroundRights: Stubbed. 
00:00:05.022 |S| HLE.OsThread.47 ServiceAm SetFocusHandlingMode: Stubbed. {unknownFlag1: False ; unknownFlag2: False ; unknownFlag3: True}
00:00:05.025 |S| HLE.OsThread.47 ServiceAm SetOutOfFocusSuspendingEnabled: Stubbed. {outOfFocusSuspendingEnabled: False}
00:00:05.110 |S| HLE.OsThread.47 ServicePctl Initialize: Stubbed. 
00:00:05.230 |G| HLE.OsThread.18 ServiceLm Log: Guest Log:
  Log level: Info
    Time: 4s
    ProgramName: MK12-Switch-Shipping
    Thread: MainThread
    Filename: D:/Workspace/MK12_Lotcheck2/Engine/Platforms/Switch/Source/Runtime/Core/Private/SwitchPlatformMemory.cpp
    Line: 229
    Function: StaticInit
    Message: MemInfo.totalAvailableMemorySize = 3431989248 [3273 MB]

00:00:05.239 |G| HLE.OsThread.18 ServiceLm Log: Guest Log:
  Log level: Info
    Time: 4s
    ProgramName: MK12-Switch-Shipping
    Thread: MainThread
    Filename: D:/Workspace/MK12_Lotcheck2/Engine/Platforms/Switch/Source/Runtime/Core/Private/SwitchPlatformMemory.cpp
    Line: 230
    Function: StaticInit
    Message: MemInfo.totalUsedMemorySize = 215642112 [205 MB]

00:00:05.243 |G| HLE.OsThread.18 ServiceLm Log: Guest Log:
  Log level: Info
    Time: 4s
    ProgramName: MK12-Switch-Shipping
    Thread: MainThread
    Filename: D:/Workspace/MK12_Lotcheck2/Engine/Platforms/Switch/Source/Runtime/Core/Private/SwitchPlatformMemory.cpp
    Line: 231
    Function: StaticInit
    Message: MemInfo.totalMemoryHeapSize = 0 [0 MB]

00:00:05.243 |G| HLE.OsThread.18 ServiceLm Log: Guest Log:
  Log level: Info
    Time: 4s
    ProgramName: MK12-Switch-Shipping
    Thread: MainThread
    Filename: D:/Workspace/MK12_Lotcheck2/Engine/Platforms/Switch/Source/Runtime/Core/Private/SwitchPlatformMemory.cpp
    Line: 232
    Function: StaticInit
    Message: MemInfo.allocatedMemoryHeapSize = 0 [0 MB]

00:00:05.243 |G| HLE.OsThread.18 ServiceLm Log: Guest Log:
  Log level: Info
    Time: 4s
    ProgramName: MK12-Switch-Shipping
    Thread: MainThread
    Filename: D:/Workspace/MK12_Lotcheck2/Engine/Platforms/Switch/Source/Runtime/Core/Private/SwitchPlatformMemory.cpp
    Line: 233
    Function: StaticInit
    Message: MemInfo.programSize = 215572480 [205 MB]

00:00:05.243 |G| HLE.OsThread.18 ServiceLm Log: Guest Log:
  Log level: Info
    Time: 4s
    ProgramName: MK12-Switch-Shipping
    Thread: MainThread
    Filename: D:/Workspace/MK12_Lotcheck2/Engine/Platforms/Switch/Source/Runtime/Core/Private/SwitchPlatformMemory.cpp
    Line: 234
    Function: StaticInit
    Message: MemInfo.totalThreadStackSize = 69632 [0 MB]

00:00:05.244 |G| HLE.OsThread.18 ServiceLm Log: Guest Log:
  Log level: Info
    Time: 4s
    ProgramName: MK12-Switch-Shipping
    Thread: MainThread
    Filename: D:/Workspace/MK12_Lotcheck2/Engine/Platforms/Switch/Source/Runtime/Core/Private/SwitchPlatformMemory.cpp
    Line: 235
    Function: StaticInit
    Message: MemInfo.threadCount = 2

00:00:05.244 |G| HLE.OsThread.18 ServiceLm Log: Guest Log:
  Log level: Info
    Time: 4s
    ProgramName: MK12-Switch-Shipping
    Thread: MainThread
    Filename: D:/Workspace/MK12_Lotcheck2/Engine/Platforms/Switch/Source/Runtime/Core/Private/SwitchPlatformMemory.cpp
    Line: 236
    Function: StaticInit

00:00:05.245 |G| HLE.OsThread.18 ServiceLm Log: Guest Log:
  Log level: Info
    Time: 4s
    ProgramName: MK12-Switch-Shipping
    Thread: MainThread
    Filename: D:/Workspace/MK12_Lotcheck2/Engine/Platforms/Switch/Source/Runtime/Core/Private/SwitchPlatformMemory.cpp
    Line: 253
    Function: StaticInit
    Message: Using MallocBinned3.

00:00:05.260 |G| HLE.OsThread.18 ServiceLm Log: Guest Log:
  Log level: Info
    Time: 4s
    ProgramName: MK12-Switch-Shipping
    Thread: MainThread
    Filename: D:/Workspace/MK12_Lotcheck2/Engine/Platforms/Switch/Source/Runtime/Core/Private/SwitchPlatformMemory.cpp
    Line: 324
    Function: StaticInit
    Message: OS (malloc) Heap = 6291456 [6 MB]

00:00:05.276 |G| HLE.OsThread.18 ServiceLm Log: Guest Log:
  Log level: Info
    Time: 4s
    ProgramName: MK12-Switch-Shipping
    Thread: MainThread
    Filename: D:/Workspace/MK12_Lotcheck2/Engine/Platforms/Switch/Source/Runtime/Core/Private/SwitchPlatformMemory.cpp
    Line: 345
    Function: StaticInit
    Message: Available Physical Memory = 3206545408 [3058 MB]

00:00:05.276 |G| HLE.OsThread.18 ServiceLm Log: Guest Log:
  Log level: Info
    Time: 4s
    ProgramName: MK12-Switch-Shipping
    Thread: MainThread
    Filename: D:/Workspace/MK12_Lotcheck2/Engine/Platforms/Switch/Source/Runtime/Core/Private/SwitchPlatformMemory.cpp
    Line: 346
    Function: StaticInit
    Message: Available Virtual Address Space = 66571993088 [63488 MB]

00:00:05.279 |G| HLE.OsThread.18 ServiceLm Log: Guest Log:
  Log level: Info
    Time: 4s
    ProgramName: MK12-Switch-Shipping
    Thread: MainThread
    Filename: D:/Workspace/MK12_Lotcheck2/Engine/Platforms/Switch/Source/Runtime/Core/Private/SwitchPlatformMemory.cpp
    Line: 419
    Function: StaticInit

00:00:06.389 |G| HLE.OsThread.18 ServiceLm Log: Guest Log:
  Log level: Info
    Time: 5s
    ProgramName: MK12-Switch-Shipping
    Thread: MainThread
    Filename: D:/Workspace/MK12_Lotcheck2/Engine/Platforms/Switch/Source/Runtime/Core/Private/SwitchPlatformMemory.cpp
    Line: 810
    Function: FPageCaches
    Message: Total 3203764224 bytes available for the page cache.

00:00:06.400 |G| HLE.OsThread.18 ServiceLm Log: Guest Log:
  Log level: Info
    Time: 5s
    ProgramName: MK12-Switch-Shipping
    Thread: MainThread
    Filename: D:/Workspace/MK12_Lotcheck2/Engine/Platforms/Switch/Source/Runtime/Core/Private/SwitchPlatformMemory.cpp
    Line: 768
    Function: Close
    Message: FBootAllocator used 4129824 out of 4129824 bytes of memory, wasting 0 bytes.

00:00:06.638 |G| HLE.OsThread.18 ServiceLm Log: Guest Log:
  Log level: Info
    Time: 5s
    ProgramName: MK12-Switch-Shipping
    Thread: MainThread
    Filename: D:/Workspace/MK12_Lotcheck2/Engine/Platforms/Switch/Source/Runtime/Core/Private/SwitchPlatformMisc.cpp
    Line: 195
    Function: LocalPrint
    Message: Used memory before allocating anything was 217.65MB

